{"/Users/dev/Source/clothing-ecommerce/src/App.js": {"path":"/Users/dev/Source/clothing-ecommerce/src/App.js","statementMap":{"0":{"start":{"line":20,"column":53},"end":{"line":20,"column":67}},"1":{"start":{"line":21,"column":15},"end":{"line":21,"column":56}},"2":{"start":{"line":22,"column":2},"end":{"line":22,"column":76}},"3":{"start":{"line":25,"column":12},"end":{"line":45,"column":1}},"4":{"start":{"line":27,"column":2},"end":{"line":44,"column":4}},"5":{"start":{"line":39,"column":12},"end":{"line":39,"column":67}},"6":{"start":{"line":47,"column":24},"end":{"line":49,"column":2}}},"fnMap":{"0":{"name":"uploadDataToAPI","decl":{"start":{"line":19,"column":15},"end":{"line":19,"column":30}},"loc":{"start":{"line":19,"column":33},"end":{"line":23,"column":1}},"line":19},"1":{"name":"(anonymous_1)","decl":{"start":{"line":25,"column":12},"end":{"line":25,"column":13}},"loc":{"start":{"line":25,"column":33},"end":{"line":45,"column":1}},"line":25},"2":{"name":"(anonymous_2)","decl":{"start":{"line":38,"column":18},"end":{"line":38,"column":19}},"loc":{"start":{"line":39,"column":12},"end":{"line":39,"column":67}},"line":39}},"branchMap":{"0":{"loc":{"start":{"line":39,"column":12},"end":{"line":39,"column":67}},"type":"cond-expr","locations":[{"start":{"line":39,"column":26},"end":{"line":39,"column":45}},{"start":{"line":39,"column":48},"end":{"line":39,"column":67}}],"line":39}},"s":{"0":0,"1":0,"2":0,"3":0,"4":0,"5":0,"6":0},"f":{"0":0,"1":0,"2":0},"b":{"0":[0,0]},"hash":"057bee7cb251681d41c1a64ad18c08a5bdd517f8"}
,"/Users/dev/Source/clothing-ecommerce/src/aws-exports.js": {"path":"/Users/dev/Source/clothing-ecommerce/src/aws-exports.js","statementMap":{"0":{"start":{"line":4,"column":18},"end":{"line":15,"column":1}}},"fnMap":{},"branchMap":{},"s":{"0":0},"f":{},"b":{},"hash":"9568d5a59a8c09a2c6206fbec566c05d725d8f3f"}
,"/Users/dev/Source/clothing-ecommerce/src/index.js": {"path":"/Users/dev/Source/clothing-ecommerce/src/index.js","statementMap":{"0":{"start":{"line":15,"column":0},"end":{"line":15,"column":26}},"1":{"start":{"line":19,"column":0},"end":{"line":28,"column":2}}},"fnMap":{},"branchMap":{},"s":{"0":0,"1":0},"f":{},"b":{},"hash":"87316fec46d1557ef2150647228857eb4b75f4dc"}
,"/Users/dev/Source/clothing-ecommerce/src/serviceWorker.js": {"path":"/Users/dev/Source/clothing-ecommerce/src/serviceWorker.js","statementMap":{"0":{"start":{"line":13,"column":20},"end":{"line":21,"column":1}},"1":{"start":{"line":24,"column":2},"end":{"line":54,"column":3}},"2":{"start":{"line":26,"column":22},"end":{"line":26,"column":75}},"3":{"start":{"line":27,"column":4},"end":{"line":32,"column":5}},"4":{"start":{"line":31,"column":6},"end":{"line":31,"column":13}},"5":{"start":{"line":34,"column":4},"end":{"line":53,"column":7}},"6":{"start":{"line":35,"column":20},"end":{"line":35,"column":65}},"7":{"start":{"line":37,"column":6},"end":{"line":52,"column":7}},"8":{"start":{"line":39,"column":8},"end":{"line":39,"column":47}},"9":{"start":{"line":43,"column":8},"end":{"line":48,"column":11}},"10":{"start":{"line":44,"column":10},"end":{"line":47,"column":12}},"11":{"start":{"line":51,"column":8},"end":{"line":51,"column":39}},"12":{"start":{"line":58,"column":2},"end":{"line":98,"column":7}},"13":{"start":{"line":61,"column":6},"end":{"line":94,"column":8}},"14":{"start":{"line":62,"column":33},"end":{"line":62,"column":56}},"15":{"start":{"line":63,"column":8},"end":{"line":65,"column":9}},"16":{"start":{"line":64,"column":10},"end":{"line":64,"column":17}},"17":{"start":{"line":66,"column":8},"end":{"line":93,"column":10}},"18":{"start":{"line":67,"column":10},"end":{"line":92,"column":11}},"19":{"start":{"line":68,"column":12},"end":{"line":91,"column":13}},"20":{"start":{"line":72,"column":14},"end":{"line":75,"column":16}},"21":{"start":{"line":78,"column":14},"end":{"line":80,"column":15}},"22":{"start":{"line":79,"column":16},"end":{"line":79,"column":46}},"23":{"start":{"line":85,"column":14},"end":{"line":85,"column":64}},"24":{"start":{"line":88,"column":14},"end":{"line":90,"column":15}},"25":{"start":{"line":89,"column":16},"end":{"line":89,"column":47}},"26":{"start":{"line":97,"column":6},"end":{"line":97,"column":72}},"27":{"start":{"line":103,"column":2},"end":{"line":126,"column":7}},"28":{"start":{"line":106,"column":26},"end":{"line":106,"column":62}},"29":{"start":{"line":107,"column":6},"end":{"line":120,"column":7}},"30":{"start":{"line":112,"column":8},"end":{"line":116,"column":11}},"31":{"start":{"line":113,"column":10},"end":{"line":115,"column":13}},"32":{"start":{"line":114,"column":12},"end":{"line":114,"column":37}},"33":{"start":{"line":119,"column":8},"end":{"line":119,"column":39}},"34":{"start":{"line":123,"column":6},"end":{"line":125,"column":8}},"35":{"start":{"line":130,"column":2},"end":{"line":134,"column":3}},"36":{"start":{"line":131,"column":4},"end":{"line":133,"column":7}},"37":{"start":{"line":132,"column":6},"end":{"line":132,"column":32}}},"fnMap":{"0":{"name":"register","decl":{"start":{"line":23,"column":16},"end":{"line":23,"column":24}},"loc":{"start":{"line":23,"column":33},"end":{"line":55,"column":1}},"line":23},"1":{"name":"(anonymous_1)","decl":{"start":{"line":34,"column":36},"end":{"line":34,"column":37}},"loc":{"start":{"line":34,"column":42},"end":{"line":53,"column":5}},"line":34},"2":{"name":"(anonymous_2)","decl":{"start":{"line":43,"column":43},"end":{"line":43,"column":44}},"loc":{"start":{"line":43,"column":49},"end":{"line":48,"column":9}},"line":43},"3":{"name":"registerValidSW","decl":{"start":{"line":57,"column":9},"end":{"line":57,"column":24}},"loc":{"start":{"line":57,"column":40},"end":{"line":99,"column":1}},"line":57},"4":{"name":"(anonymous_4)","decl":{"start":{"line":60,"column":10},"end":{"line":60,"column":11}},"loc":{"start":{"line":60,"column":26},"end":{"line":95,"column":5}},"line":60},"5":{"name":"(anonymous_5)","decl":{"start":{"line":61,"column":35},"end":{"line":61,"column":36}},"loc":{"start":{"line":61,"column":41},"end":{"line":94,"column":7}},"line":61},"6":{"name":"(anonymous_6)","decl":{"start":{"line":66,"column":41},"end":{"line":66,"column":42}},"loc":{"start":{"line":66,"column":47},"end":{"line":93,"column":9}},"line":66},"7":{"name":"(anonymous_7)","decl":{"start":{"line":96,"column":11},"end":{"line":96,"column":12}},"loc":{"start":{"line":96,"column":20},"end":{"line":98,"column":5}},"line":96},"8":{"name":"checkValidServiceWorker","decl":{"start":{"line":101,"column":9},"end":{"line":101,"column":32}},"loc":{"start":{"line":101,"column":48},"end":{"line":127,"column":1}},"line":101},"9":{"name":"(anonymous_9)","decl":{"start":{"line":104,"column":10},"end":{"line":104,"column":11}},"loc":{"start":{"line":104,"column":22},"end":{"line":121,"column":5}},"line":104},"10":{"name":"(anonymous_10)","decl":{"start":{"line":112,"column":43},"end":{"line":112,"column":44}},"loc":{"start":{"line":112,"column":59},"end":{"line":116,"column":9}},"line":112},"11":{"name":"(anonymous_11)","decl":{"start":{"line":113,"column":41},"end":{"line":113,"column":42}},"loc":{"start":{"line":113,"column":47},"end":{"line":115,"column":11}},"line":113},"12":{"name":"(anonymous_12)","decl":{"start":{"line":122,"column":11},"end":{"line":122,"column":12}},"loc":{"start":{"line":122,"column":17},"end":{"line":126,"column":5}},"line":122},"13":{"name":"unregister","decl":{"start":{"line":129,"column":16},"end":{"line":129,"column":26}},"loc":{"start":{"line":129,"column":29},"end":{"line":135,"column":1}},"line":129},"14":{"name":"(anonymous_14)","decl":{"start":{"line":131,"column":39},"end":{"line":131,"column":40}},"loc":{"start":{"line":131,"column":55},"end":{"line":133,"column":5}},"line":131}},"branchMap":{"0":{"loc":{"start":{"line":14,"column":2},"end":{"line":20,"column":5}},"type":"binary-expr","locations":[{"start":{"line":14,"column":2},"end":{"line":14,"column":42}},{"start":{"line":16,"column":4},"end":{"line":16,"column":40}},{"start":{"line":18,"column":4},"end":{"line":20,"column":5}}],"line":14},"1":{"loc":{"start":{"line":24,"column":2},"end":{"line":54,"column":3}},"type":"if","locations":[{"start":{"line":24,"column":2},"end":{"line":54,"column":3}},{"start":{"line":24,"column":2},"end":{"line":54,"column":3}}],"line":24},"2":{"loc":{"start":{"line":24,"column":6},"end":{"line":24,"column":75}},"type":"binary-expr","locations":[{"start":{"line":24,"column":6},"end":{"line":24,"column":43}},{"start":{"line":24,"column":47},"end":{"line":24,"column":75}}],"line":24},"3":{"loc":{"start":{"line":27,"column":4},"end":{"line":32,"column":5}},"type":"if","locations":[{"start":{"line":27,"column":4},"end":{"line":32,"column":5}},{"start":{"line":27,"column":4},"end":{"line":32,"column":5}}],"line":27},"4":{"loc":{"start":{"line":37,"column":6},"end":{"line":52,"column":7}},"type":"if","locations":[{"start":{"line":37,"column":6},"end":{"line":52,"column":7}},{"start":{"line":37,"column":6},"end":{"line":52,"column":7}}],"line":37},"5":{"loc":{"start":{"line":63,"column":8},"end":{"line":65,"column":9}},"type":"if","locations":[{"start":{"line":63,"column":8},"end":{"line":65,"column":9}},{"start":{"line":63,"column":8},"end":{"line":65,"column":9}}],"line":63},"6":{"loc":{"start":{"line":67,"column":10},"end":{"line":92,"column":11}},"type":"if","locations":[{"start":{"line":67,"column":10},"end":{"line":92,"column":11}},{"start":{"line":67,"column":10},"end":{"line":92,"column":11}}],"line":67},"7":{"loc":{"start":{"line":68,"column":12},"end":{"line":91,"column":13}},"type":"if","locations":[{"start":{"line":68,"column":12},"end":{"line":91,"column":13}},{"start":{"line":68,"column":12},"end":{"line":91,"column":13}}],"line":68},"8":{"loc":{"start":{"line":78,"column":14},"end":{"line":80,"column":15}},"type":"if","locations":[{"start":{"line":78,"column":14},"end":{"line":80,"column":15}},{"start":{"line":78,"column":14},"end":{"line":80,"column":15}}],"line":78},"9":{"loc":{"start":{"line":78,"column":18},"end":{"line":78,"column":43}},"type":"binary-expr","locations":[{"start":{"line":78,"column":18},"end":{"line":78,"column":24}},{"start":{"line":78,"column":28},"end":{"line":78,"column":43}}],"line":78},"10":{"loc":{"start":{"line":88,"column":14},"end":{"line":90,"column":15}},"type":"if","locations":[{"start":{"line":88,"column":14},"end":{"line":90,"column":15}},{"start":{"line":88,"column":14},"end":{"line":90,"column":15}}],"line":88},"11":{"loc":{"start":{"line":88,"column":18},"end":{"line":88,"column":44}},"type":"binary-expr","locations":[{"start":{"line":88,"column":18},"end":{"line":88,"column":24}},{"start":{"line":88,"column":28},"end":{"line":88,"column":44}}],"line":88},"12":{"loc":{"start":{"line":107,"column":6},"end":{"line":120,"column":7}},"type":"if","locations":[{"start":{"line":107,"column":6},"end":{"line":120,"column":7}},{"start":{"line":107,"column":6},"end":{"line":120,"column":7}}],"line":107},"13":{"loc":{"start":{"line":108,"column":8},"end":{"line":109,"column":73}},"type":"binary-expr","locations":[{"start":{"line":108,"column":8},"end":{"line":108,"column":31}},{"start":{"line":109,"column":9},"end":{"line":109,"column":28}},{"start":{"line":109,"column":32},"end":{"line":109,"column":72}}],"line":108},"14":{"loc":{"start":{"line":130,"column":2},"end":{"line":134,"column":3}},"type":"if","locations":[{"start":{"line":130,"column":2},"end":{"line":134,"column":3}},{"start":{"line":130,"column":2},"end":{"line":134,"column":3}}],"line":130}},"s":{"0":0,"1":0,"2":0,"3":0,"4":0,"5":0,"6":0,"7":0,"8":0,"9":0,"10":0,"11":0,"12":0,"13":0,"14":0,"15":0,"16":0,"17":0,"18":0,"19":0,"20":0,"21":0,"22":0,"23":0,"24":0,"25":0,"26":0,"27":0,"28":0,"29":0,"30":0,"31":0,"32":0,"33":0,"34":0,"35":0,"36":0,"37":0},"f":{"0":0,"1":0,"2":0,"3":0,"4":0,"5":0,"6":0,"7":0,"8":0,"9":0,"10":0,"11":0,"12":0,"13":0,"14":0},"b":{"0":[0,0,0],"1":[0,0],"2":[0,0],"3":[0,0],"4":[0,0],"5":[0,0],"6":[0,0],"7":[0,0],"8":[0,0],"9":[0,0],"10":[0,0],"11":[0,0],"12":[0,0],"13":[0,0,0],"14":[0,0]},"hash":"466dac594db00e9ded456966a09d863ef971004c"}
,"/Users/dev/Source/clothing-ecommerce/src/components/cart-dropdown/cart-dropdown.component.jsx": {"path":"/Users/dev/Source/clothing-ecommerce/src/components/cart-dropdown/cart-dropdown.component.jsx","statementMap":{"0":{"start":{"line":12,"column":21},"end":{"line":38,"column":1}},"1":{"start":{"line":13,"column":2},"end":{"line":15,"column":5}},"2":{"start":{"line":14,"column":4},"end":{"line":14,"column":26}},"3":{"start":{"line":17,"column":2},"end":{"line":37,"column":4}},"4":{"start":{"line":22,"column":12},"end":{"line":22,"column":58}},"5":{"start":{"line":30,"column":10},"end":{"line":30,"column":36}},"6":{"start":{"line":31,"column":10},"end":{"line":31,"column":29}},"7":{"start":{"line":40,"column":24},"end":{"line":42,"column":2}},"8":{"start":{"line":40,"column":33},"end":{"line":42,"column":2}}},"fnMap":{"0":{"name":"(anonymous_0)","decl":{"start":{"line":12,"column":21},"end":{"line":12,"column":22}},"loc":{"start":{"line":12,"column":67},"end":{"line":38,"column":1}},"line":12},"1":{"name":"(anonymous_1)","decl":{"start":{"line":13,"column":12},"end":{"line":13,"column":13}},"loc":{"start":{"line":13,"column":18},"end":{"line":15,"column":3}},"line":13},"2":{"name":"(anonymous_2)","decl":{"start":{"line":21,"column":24},"end":{"line":21,"column":25}},"loc":{"start":{"line":22,"column":12},"end":{"line":22,"column":58}},"line":22},"3":{"name":"(anonymous_3)","decl":{"start":{"line":29,"column":17},"end":{"line":29,"column":18}},"loc":{"start":{"line":29,"column":23},"end":{"line":32,"column":9}},"line":29},"4":{"name":"(anonymous_4)","decl":{"start":{"line":40,"column":24},"end":{"line":40,"column":25}},"loc":{"start":{"line":40,"column":33},"end":{"line":42,"column":2}},"line":40}},"branchMap":{"0":{"loc":{"start":{"line":20,"column":9},"end":{"line":26,"column":9}},"type":"cond-expr","locations":[{"start":{"line":21,"column":10},"end":{"line":23,"column":12}},{"start":{"line":25,"column":10},"end":{"line":25,"column":68}}],"line":20}},"s":{"0":0,"1":0,"2":0,"3":0,"4":0,"5":0,"6":0,"7":0,"8":0},"f":{"0":0,"1":0,"2":0,"3":0,"4":0},"b":{"0":[0,0]},"hash":"93d1087e71fabe22c208cfb14cd9d1ab607aade0"}
,"/Users/dev/Source/clothing-ecommerce/src/components/cart-icon/cart-icon.component.jsx": {"path":"/Users/dev/Source/clothing-ecommerce/src/components/cart-icon/cart-icon.component.jsx","statementMap":{"0":{"start":{"line":11,"column":17},"end":{"line":16,"column":1}},"1":{"start":{"line":12,"column":2},"end":{"line":15,"column":8}},"2":{"start":{"line":18,"column":24},"end":{"line":20,"column":2}}},"fnMap":{"0":{"name":"(anonymous_0)","decl":{"start":{"line":11,"column":17},"end":{"line":11,"column":18}},"loc":{"start":{"line":12,"column":2},"end":{"line":15,"column":8}},"line":12}},"branchMap":{},"s":{"0":0,"1":0,"2":0},"f":{"0":0},"b":{},"hash":"4357257a007acf50aa11d35590922a3552dbdf83"}
,"/Users/dev/Source/clothing-ecommerce/src/components/cart-item/cart-item.component.jsx": {"path":"/Users/dev/Source/clothing-ecommerce/src/components/cart-item/cart-item.component.jsx","statementMap":{"0":{"start":{"line":5,"column":17},"end":{"line":15,"column":1}},"1":{"start":{"line":6,"column":2},"end":{"line":14,"column":8}}},"fnMap":{"0":{"name":"(anonymous_0)","decl":{"start":{"line":5,"column":17},"end":{"line":5,"column":18}},"loc":{"start":{"line":6,"column":2},"end":{"line":14,"column":8}},"line":6}},"branchMap":{},"s":{"0":1,"1":1},"f":{"0":1},"b":{},"_coverageSchema":"43e27e138ebf9cfc5966b082cf9a028302ed4184","hash":"d7981896e062e27ce616f0880c58d9d0f8cb7aca"}
,"/Users/dev/Source/clothing-ecommerce/src/components/checkout-item/checkout-item.component.jsx": {"path":"/Users/dev/Source/clothing-ecommerce/src/components/checkout-item/checkout-item.component.jsx","statementMap":{"0":{"start":{"line":7,"column":21},"end":{"line":34,"column":1}},"1":{"start":{"line":8,"column":46},"end":{"line":8,"column":54}},"2":{"start":{"line":9,"column":2},"end":{"line":33,"column":4}},"3":{"start":{"line":19,"column":34},"end":{"line":19,"column":54}},"4":{"start":{"line":21,"column":34},"end":{"line":21,"column":51}},"5":{"start":{"line":26,"column":58},"end":{"line":26,"column":77}},"6":{"start":{"line":36,"column":27},"end":{"line":40,"column":2}},"7":{"start":{"line":36,"column":42},"end":{"line":40,"column":1}},"8":{"start":{"line":37,"column":22},"end":{"line":37,"column":47}},"9":{"start":{"line":38,"column":20},"end":{"line":38,"column":43}},"10":{"start":{"line":39,"column":23},"end":{"line":39,"column":49}}},"fnMap":{"0":{"name":"(anonymous_0)","decl":{"start":{"line":7,"column":21},"end":{"line":7,"column":22}},"loc":{"start":{"line":7,"column":69},"end":{"line":34,"column":1}},"line":7},"1":{"name":"(anonymous_1)","decl":{"start":{"line":19,"column":28},"end":{"line":19,"column":29}},"loc":{"start":{"line":19,"column":34},"end":{"line":19,"column":54}},"line":19},"2":{"name":"(anonymous_2)","decl":{"start":{"line":21,"column":28},"end":{"line":21,"column":29}},"loc":{"start":{"line":21,"column":34},"end":{"line":21,"column":51}},"line":21},"3":{"name":"(anonymous_3)","decl":{"start":{"line":26,"column":52},"end":{"line":26,"column":53}},"loc":{"start":{"line":26,"column":58},"end":{"line":26,"column":77}},"line":26},"4":{"name":"(anonymous_4)","decl":{"start":{"line":36,"column":27},"end":{"line":36,"column":28}},"loc":{"start":{"line":36,"column":42},"end":{"line":40,"column":1}},"line":36},"5":{"name":"(anonymous_5)","decl":{"start":{"line":37,"column":14},"end":{"line":37,"column":15}},"loc":{"start":{"line":37,"column":22},"end":{"line":37,"column":47}},"line":37},"6":{"name":"(anonymous_6)","decl":{"start":{"line":38,"column":12},"end":{"line":38,"column":13}},"loc":{"start":{"line":38,"column":20},"end":{"line":38,"column":43}},"line":38},"7":{"name":"(anonymous_7)","decl":{"start":{"line":39,"column":15},"end":{"line":39,"column":16}},"loc":{"start":{"line":39,"column":23},"end":{"line":39,"column":49}},"line":39}},"branchMap":{},"s":{"0":0,"1":0,"2":0,"3":0,"4":0,"5":0,"6":0,"7":0,"8":0,"9":0,"10":0},"f":{"0":0,"1":0,"2":0,"3":0,"4":0,"5":0,"6":0,"7":0},"b":{},"hash":"5cf778d4a78837a43b24a0074cf5ab3e8ce7c463"}
,"/Users/dev/Source/clothing-ecommerce/src/components/collection-item/collection-item.component.jsx": {"path":"/Users/dev/Source/clothing-ecommerce/src/components/collection-item/collection-item.component.jsx","statementMap":{"0":{"start":{"line":16,"column":22},"end":{"line":21,"column":3}},"1":{"start":{"line":17,"column":43},"end":{"line":17,"column":53}},"2":{"start":{"line":18,"column":4},"end":{"line":18,"column":23}},"3":{"start":{"line":19,"column":4},"end":{"line":19,"column":18}},"4":{"start":{"line":20,"column":4},"end":{"line":20,"column":18}},"5":{"start":{"line":24,"column":4},"end":{"line":24,"column":25}},"6":{"start":{"line":30,"column":21},"end":{"line":30,"column":31}},"7":{"start":{"line":31,"column":38},"end":{"line":31,"column":42}},"8":{"start":{"line":32,"column":4},"end":{"line":57,"column":5}},"9":{"start":{"line":61,"column":27},"end":{"line":64,"column":2}},"10":{"start":{"line":61,"column":40},"end":{"line":64,"column":1}},"11":{"start":{"line":62,"column":19},"end":{"line":62,"column":42}},"12":{"start":{"line":63,"column":21},"end":{"line":63,"column":41}}},"fnMap":{"0":{"name":"(anonymous_0)","decl":{"start":{"line":16,"column":22},"end":{"line":16,"column":23}},"loc":{"start":{"line":16,"column":29},"end":{"line":21,"column":3}},"line":16},"1":{"name":"(anonymous_1)","decl":{"start":{"line":23,"column":2},"end":{"line":23,"column":3}},"loc":{"start":{"line":23,"column":23},"end":{"line":25,"column":3}},"line":23},"2":{"name":"(anonymous_2)","decl":{"start":{"line":29,"column":2},"end":{"line":29,"column":3}},"loc":{"start":{"line":29,"column":11},"end":{"line":58,"column":3}},"line":29},"3":{"name":"(anonymous_3)","decl":{"start":{"line":61,"column":27},"end":{"line":61,"column":28}},"loc":{"start":{"line":61,"column":40},"end":{"line":64,"column":1}},"line":61},"4":{"name":"(anonymous_4)","decl":{"start":{"line":62,"column":11},"end":{"line":62,"column":12}},"loc":{"start":{"line":62,"column":19},"end":{"line":62,"column":42}},"line":62},"5":{"name":"(anonymous_5)","decl":{"start":{"line":63,"column":15},"end":{"line":63,"column":16}},"loc":{"start":{"line":63,"column":21},"end":{"line":63,"column":41}},"line":63}},"branchMap":{},"s":{"0":0,"1":0,"2":0,"3":0,"4":0,"5":0,"6":0,"7":0,"8":0,"9":0,"10":0,"11":0,"12":0},"f":{"0":0,"1":0,"2":0,"3":0,"4":0,"5":0},"b":{},"hash":"7fc0d0ecfa955b13653911cde2d85039bc6b1ff0"}
,"/Users/dev/Source/clothing-ecommerce/src/components/collections-overview/collections-overview.component.jsx": {"path":"/Users/dev/Source/clothing-ecommerce/src/components/collections-overview/collections-overview.component.jsx","statementMap":{"0":{"start":{"line":10,"column":28},"end":{"line":17,"column":1}},"1":{"start":{"line":11,"column":2},"end":{"line":16,"column":8}},"2":{"start":{"line":13,"column":12},"end":{"line":13,"column":67}},"3":{"start":{"line":19,"column":24},"end":{"line":21,"column":2}}},"fnMap":{"0":{"name":"(anonymous_0)","decl":{"start":{"line":10,"column":28},"end":{"line":10,"column":29}},"loc":{"start":{"line":11,"column":2},"end":{"line":16,"column":8}},"line":11},"1":{"name":"(anonymous_1)","decl":{"start":{"line":12,"column":22},"end":{"line":12,"column":23}},"loc":{"start":{"line":13,"column":12},"end":{"line":13,"column":67}},"line":13}},"branchMap":{},"s":{"0":0,"1":0,"2":0,"3":0},"f":{"0":0,"1":0},"b":{},"hash":"63afd7c950d035cca447eb55257a2aa75cc0817d"}
,"/Users/dev/Source/clothing-ecommerce/src/components/custom-button/custom.button.component.jsx": {"path":"/Users/dev/Source/clothing-ecommerce/src/components/custom-button/custom.button.component.jsx","statementMap":{"0":{"start":{"line":5,"column":21},"end":{"line":19,"column":1}},"1":{"start":{"line":11,"column":2},"end":{"line":18,"column":11}}},"fnMap":{"0":{"name":"(anonymous_0)","decl":{"start":{"line":5,"column":21},"end":{"line":5,"column":22}},"loc":{"start":{"line":11,"column":2},"end":{"line":18,"column":11}},"line":11}},"branchMap":{"0":{"loc":{"start":{"line":12,"column":18},"end":{"line":12,"column":44}},"type":"cond-expr","locations":[{"start":{"line":12,"column":29},"end":{"line":12,"column":39}},{"start":{"line":12,"column":42},"end":{"line":12,"column":44}}],"line":12},"1":{"loc":{"start":{"line":13,"column":6},"end":{"line":13,"column":44}},"type":"cond-expr","locations":[{"start":{"line":13,"column":23},"end":{"line":13,"column":39}},{"start":{"line":13,"column":42},"end":{"line":13,"column":44}}],"line":13}},"s":{"0":1,"1":3},"f":{"0":3},"b":{"0":[1,2],"1":[2,1]},"_coverageSchema":"43e27e138ebf9cfc5966b082cf9a028302ed4184","hash":"dd1001de78d66278bff535ec17a2aa4d110207a3"}
,"/Users/dev/Source/clothing-ecommerce/src/components/directory/directory.component.jsx": {"path":"/Users/dev/Source/clothing-ecommerce/src/components/directory/directory.component.jsx","statementMap":{"0":{"start":{"line":9,"column":18},"end":{"line":19,"column":1}},"1":{"start":{"line":10,"column":4},"end":{"line":18,"column":6}},"2":{"start":{"line":14,"column":12},"end":{"line":14,"column":55}},"3":{"start":{"line":21,"column":24},"end":{"line":23,"column":4}}},"fnMap":{"0":{"name":"(anonymous_0)","decl":{"start":{"line":9,"column":18},"end":{"line":9,"column":19}},"loc":{"start":{"line":9,"column":34},"end":{"line":19,"column":1}},"line":9},"1":{"name":"(anonymous_1)","decl":{"start":{"line":13,"column":23},"end":{"line":13,"column":24}},"loc":{"start":{"line":14,"column":12},"end":{"line":14,"column":55}},"line":14}},"branchMap":{},"s":{"0":0,"1":0,"2":0,"3":0},"f":{"0":0,"1":0},"b":{},"hash":"444524ab16933e7374e25be5299e72532ce8b64a"}
,"/Users/dev/Source/clothing-ecommerce/src/components/form-input/form-input.component.jsx": {"path":"/Users/dev/Source/clothing-ecommerce/src/components/form-input/form-input.component.jsx","statementMap":{"0":{"start":{"line":5,"column":18},"end":{"line":18,"column":1}},"1":{"start":{"line":6,"column":2},"end":{"line":17,"column":8}}},"fnMap":{"0":{"name":"(anonymous_0)","decl":{"start":{"line":5,"column":18},"end":{"line":5,"column":19}},"loc":{"start":{"line":6,"column":2},"end":{"line":17,"column":8}},"line":6}},"branchMap":{"0":{"loc":{"start":{"line":8,"column":5},"end":{"line":16,"column":12}},"type":"cond-expr","locations":[{"start":{"line":9,"column":6},"end":{"line":15,"column":14}},{"start":{"line":16,"column":8},"end":{"line":16,"column":12}}],"line":8},"1":{"loc":{"start":{"line":11,"column":10},"end":{"line":11,"column":49}},"type":"cond-expr","locations":[{"start":{"line":11,"column":36},"end":{"line":11,"column":44}},{"start":{"line":11,"column":47},"end":{"line":11,"column":49}}],"line":11}},"s":{"0":0,"1":0},"f":{"0":0},"b":{"0":[0,0],"1":[0,0]},"hash":"90f2b6344940cdca010b68cf3e3af42fdcd978e8"}
,"/Users/dev/Source/clothing-ecommerce/src/components/header/header.component.jsx": {"path":"/Users/dev/Source/clothing-ecommerce/src/components/header/header.component.jsx","statementMap":{"0":{"start":{"line":16,"column":22},"end":{"line":19,"column":1}},"1":{"start":{"line":17,"column":3},"end":{"line":17,"column":8}},"2":{"start":{"line":18,"column":2},"end":{"line":18,"column":22}},"3":{"start":{"line":21,"column":15},"end":{"line":43,"column":1}},"4":{"start":{"line":22,"column":2},"end":{"line":42,"column":8}},"5":{"start":{"line":31,"column":50},"end":{"line":31,"column":83}},"6":{"start":{"line":45,"column":24},"end":{"line":48,"column":2}}},"fnMap":{"0":{"name":"(anonymous_0)","decl":{"start":{"line":16,"column":22},"end":{"line":16,"column":23}},"loc":{"start":{"line":16,"column":30},"end":{"line":19,"column":1}},"line":16},"1":{"name":"(anonymous_1)","decl":{"start":{"line":21,"column":15},"end":{"line":21,"column":16}},"loc":{"start":{"line":22,"column":2},"end":{"line":42,"column":8}},"line":22},"2":{"name":"(anonymous_2)","decl":{"start":{"line":31,"column":44},"end":{"line":31,"column":45}},"loc":{"start":{"line":31,"column":50},"end":{"line":31,"column":83}},"line":31}},"branchMap":{"0":{"loc":{"start":{"line":30,"column":7},"end":{"line":38,"column":7}},"type":"cond-expr","locations":[{"start":{"line":31,"column":8},"end":{"line":33,"column":14}},{"start":{"line":35,"column":8},"end":{"line":37,"column":15}}],"line":30},"1":{"loc":{"start":{"line":41,"column":5},"end":{"line":41,"column":37}},"type":"cond-expr","locations":[{"start":{"line":41,"column":14},"end":{"line":41,"column":18}},{"start":{"line":41,"column":21},"end":{"line":41,"column":37}}],"line":41}},"s":{"0":0,"1":0,"2":0,"3":0,"4":0,"5":0,"6":0},"f":{"0":0,"1":0,"2":0},"b":{"0":[0,0],"1":[0,0]},"hash":"9b161d56a758134256cf176517b72e4d0ad888b2"}
,"/Users/dev/Source/clothing-ecommerce/src/components/logo/logo.component.jsx": {"path":"/Users/dev/Source/clothing-ecommerce/src/components/logo/logo.component.jsx","statementMap":{"0":{"start":{"line":3,"column":13},"end":{"line":7,"column":1}},"1":{"start":{"line":4,"column":2},"end":{"line":6,"column":4}}},"fnMap":{"0":{"name":"(anonymous_0)","decl":{"start":{"line":3,"column":13},"end":{"line":3,"column":14}},"loc":{"start":{"line":3,"column":19},"end":{"line":7,"column":1}},"line":3}},"branchMap":{},"s":{"0":0,"1":0},"f":{"0":0},"b":{},"hash":"b8b5279abc6decb4f42c2822c0839b547af90bd7"}
,"/Users/dev/Source/clothing-ecommerce/src/components/menu-item/menu-item.component.jsx": {"path":"/Users/dev/Source/clothing-ecommerce/src/components/menu-item/menu-item.component.jsx","statementMap":{"0":{"start":{"line":6,"column":17},"end":{"line":19,"column":1}},"1":{"start":{"line":7,"column":2},"end":{"line":18,"column":8}},"2":{"start":{"line":7,"column":54},"end":{"line":7,"column":92}}},"fnMap":{"0":{"name":"(anonymous_0)","decl":{"start":{"line":6,"column":17},"end":{"line":6,"column":18}},"loc":{"start":{"line":7,"column":2},"end":{"line":18,"column":8}},"line":7},"1":{"name":"(anonymous_1)","decl":{"start":{"line":7,"column":48},"end":{"line":7,"column":49}},"loc":{"start":{"line":7,"column":54},"end":{"line":7,"column":92}},"line":7}},"branchMap":{},"s":{"0":0,"1":0,"2":0},"f":{"0":0,"1":0},"b":{},"hash":"197930eb9b6219c7b4ae8bdeb90b252d1f9a1482"}
,"/Users/dev/Source/clothing-ecommerce/src/components/preview-collection/collection-preview.component.jsx": {"path":"/Users/dev/Source/clothing-ecommerce/src/components/preview-collection/collection-preview.component.jsx","statementMap":{"0":{"start":{"line":8,"column":26},"end":{"line":20,"column":3}},"1":{"start":{"line":9,"column":2},"end":{"line":20,"column":2}},"2":{"start":{"line":14,"column":31},"end":{"line":14,"column":38}},"3":{"start":{"line":16,"column":10},"end":{"line":16,"column":54}}},"fnMap":{"0":{"name":"(anonymous_0)","decl":{"start":{"line":8,"column":26},"end":{"line":8,"column":27}},"loc":{"start":{"line":8,"column":48},"end":{"line":20,"column":3}},"line":8},"1":{"name":"(anonymous_1)","decl":{"start":{"line":14,"column":16},"end":{"line":14,"column":17}},"loc":{"start":{"line":14,"column":31},"end":{"line":14,"column":38}},"line":14},"2":{"name":"(anonymous_2)","decl":{"start":{"line":15,"column":13},"end":{"line":15,"column":14}},"loc":{"start":{"line":16,"column":10},"end":{"line":16,"column":54}},"line":16}},"branchMap":{},"s":{"0":0,"1":0,"2":0,"3":0},"f":{"0":0,"1":0,"2":0},"b":{},"hash":"ba12f1969bbda798c0bd497839fa48cf4baad160"}
,"/Users/dev/Source/clothing-ecommerce/src/components/sign-in/sign-in.component.jsx": {"path":"/Users/dev/Source/clothing-ecommerce/src/components/sign-in/sign-in.component.jsx","statementMap":{"0":{"start":{"line":11,"column":15},"end":{"line":63,"column":1}},"1":{"start":{"line":12,"column":28},"end":{"line":12,"column":40}},"2":{"start":{"line":13,"column":34},"end":{"line":13,"column":46}},"3":{"start":{"line":16,"column":4},"end":{"line":16,"column":27}},"4":{"start":{"line":17,"column":23},"end":{"line":17,"column":48}},"5":{"start":{"line":18,"column":4},"end":{"line":18,"column":26}},"6":{"start":{"line":22,"column":4},"end":{"line":28,"column":5}},"7":{"start":{"line":23,"column":19},"end":{"line":23,"column":53}},"8":{"start":{"line":24,"column":6},"end":{"line":24,"column":29}},"9":{"start":{"line":26,"column":6},"end":{"line":26,"column":45}},"10":{"start":{"line":27,"column":6},"end":{"line":27,"column":39}},"11":{"start":{"line":31,"column":2},"end":{"line":62,"column":4}},"12":{"start":{"line":40,"column":31},"end":{"line":40,"column":55}},"13":{"start":{"line":49,"column":31},"end":{"line":49,"column":58}}},"fnMap":{"0":{"name":"(anonymous_0)","decl":{"start":{"line":11,"column":15},"end":{"line":11,"column":16}},"loc":{"start":{"line":11,"column":39},"end":{"line":63,"column":1}},"line":11},"1":{"name":"handleSubmit","decl":{"start":{"line":15,"column":17},"end":{"line":15,"column":29}},"loc":{"start":{"line":15,"column":37},"end":{"line":19,"column":3}},"line":15},"2":{"name":"signInWithAmplify","decl":{"start":{"line":21,"column":17},"end":{"line":21,"column":34}},"loc":{"start":{"line":21,"column":37},"end":{"line":29,"column":3}},"line":21},"3":{"name":"(anonymous_3)","decl":{"start":{"line":40,"column":24},"end":{"line":40,"column":25}},"loc":{"start":{"line":40,"column":31},"end":{"line":40,"column":55}},"line":40},"4":{"name":"(anonymous_4)","decl":{"start":{"line":49,"column":24},"end":{"line":49,"column":25}},"loc":{"start":{"line":49,"column":31},"end":{"line":49,"column":58}},"line":49}},"branchMap":{},"s":{"0":0,"1":0,"2":0,"3":0,"4":0,"5":0,"6":0,"7":0,"8":0,"9":0,"10":0,"11":0,"12":0,"13":0},"f":{"0":0,"1":0,"2":0,"3":0,"4":0},"b":{},"hash":"528cdfd171e07ce5080e9bea11dc7c377638f4c5"}
,"/Users/dev/Source/clothing-ecommerce/src/components/sign-up/sign-up.component.jsx": {"path":"/Users/dev/Source/clothing-ecommerce/src/components/sign-up/sign-up.component.jsx","statementMap":{"0":{"start":{"line":8,"column":15},"end":{"line":83,"column":1}},"1":{"start":{"line":9,"column":40},"end":{"line":9,"column":52}},"2":{"start":{"line":10,"column":28},"end":{"line":10,"column":40}},"3":{"start":{"line":11,"column":34},"end":{"line":11,"column":46}},"4":{"start":{"line":12,"column":48},"end":{"line":12,"column":60}},"5":{"start":{"line":15,"column":4},"end":{"line":15,"column":27}},"6":{"start":{"line":16,"column":4},"end":{"line":19,"column":5}},"7":{"start":{"line":17,"column":6},"end":{"line":17,"column":37}},"8":{"start":{"line":18,"column":6},"end":{"line":18,"column":13}},"9":{"start":{"line":20,"column":4},"end":{"line":20,"column":24}},"10":{"start":{"line":24,"column":4},"end":{"line":37,"column":5}},"11":{"start":{"line":25,"column":23},"end":{"line":32,"column":8}},"12":{"start":{"line":33,"column":6},"end":{"line":33,"column":24}},"13":{"start":{"line":34,"column":6},"end":{"line":34,"column":35}},"14":{"start":{"line":36,"column":6},"end":{"line":36,"column":46}},"15":{"start":{"line":39,"column":2},"end":{"line":82,"column":4}},"16":{"start":{"line":48,"column":27},"end":{"line":48,"column":57}},"17":{"start":{"line":56,"column":27},"end":{"line":56,"column":51}},"18":{"start":{"line":64,"column":27},"end":{"line":64,"column":54}},"19":{"start":{"line":72,"column":27},"end":{"line":72,"column":61}}},"fnMap":{"0":{"name":"(anonymous_0)","decl":{"start":{"line":8,"column":15},"end":{"line":8,"column":16}},"loc":{"start":{"line":8,"column":21},"end":{"line":83,"column":1}},"line":8},"1":{"name":"handleSubmit","decl":{"start":{"line":14,"column":17},"end":{"line":14,"column":29}},"loc":{"start":{"line":14,"column":37},"end":{"line":21,"column":3}},"line":14},"2":{"name":"signUpWithAmplify","decl":{"start":{"line":23,"column":17},"end":{"line":23,"column":34}},"loc":{"start":{"line":23,"column":37},"end":{"line":38,"column":3}},"line":23},"3":{"name":"(anonymous_3)","decl":{"start":{"line":48,"column":20},"end":{"line":48,"column":21}},"loc":{"start":{"line":48,"column":27},"end":{"line":48,"column":57}},"line":48},"4":{"name":"(anonymous_4)","decl":{"start":{"line":56,"column":20},"end":{"line":56,"column":21}},"loc":{"start":{"line":56,"column":27},"end":{"line":56,"column":51}},"line":56},"5":{"name":"(anonymous_5)","decl":{"start":{"line":64,"column":20},"end":{"line":64,"column":21}},"loc":{"start":{"line":64,"column":27},"end":{"line":64,"column":54}},"line":64},"6":{"name":"(anonymous_6)","decl":{"start":{"line":72,"column":20},"end":{"line":72,"column":21}},"loc":{"start":{"line":72,"column":27},"end":{"line":72,"column":61}},"line":72}},"branchMap":{"0":{"loc":{"start":{"line":16,"column":4},"end":{"line":19,"column":5}},"type":"if","locations":[{"start":{"line":16,"column":4},"end":{"line":19,"column":5}},{"start":{"line":16,"column":4},"end":{"line":19,"column":5}}],"line":16}},"s":{"0":0,"1":0,"2":0,"3":0,"4":0,"5":0,"6":0,"7":0,"8":0,"9":0,"10":0,"11":0,"12":0,"13":0,"14":0,"15":0,"16":0,"17":0,"18":0,"19":0},"f":{"0":0,"1":0,"2":0,"3":0,"4":0,"5":0,"6":0},"b":{"0":[0,0]},"hash":"e75de98707dd72e6e1da3c383ccc0016da2f8025"}
,"/Users/dev/Source/clothing-ecommerce/src/components/stripe-button/stripe-button.component.jsx": {"path":"/Users/dev/Source/clothing-ecommerce/src/components/stripe-button/stripe-button.component.jsx","statementMap":{"0":{"start":{"line":4,"column":29},"end":{"line":27,"column":1}},"1":{"start":{"line":5,"column":25},"end":{"line":5,"column":30}},"2":{"start":{"line":6,"column":25},"end":{"line":6,"column":69}},"3":{"start":{"line":8,"column":18},"end":{"line":11,"column":3}},"4":{"start":{"line":9,"column":4},"end":{"line":9,"column":23}},"5":{"start":{"line":10,"column":4},"end":{"line":10,"column":32}},"6":{"start":{"line":13,"column":2},"end":{"line":25,"column":4}}},"fnMap":{"0":{"name":"(anonymous_0)","decl":{"start":{"line":4,"column":29},"end":{"line":4,"column":30}},"loc":{"start":{"line":4,"column":42},"end":{"line":27,"column":1}},"line":4},"1":{"name":"(anonymous_1)","decl":{"start":{"line":8,"column":18},"end":{"line":8,"column":19}},"loc":{"start":{"line":8,"column":27},"end":{"line":11,"column":3}},"line":8}},"branchMap":{},"s":{"0":0,"1":0,"2":0,"3":0,"4":0,"5":0,"6":0},"f":{"0":0,"1":0},"b":{},"hash":"0ad2d3dba98f115e55d376d279fad1436da18448"}
,"/Users/dev/Source/clothing-ecommerce/src/graphql/mutations.js": {"path":"/Users/dev/Source/clothing-ecommerce/src/graphql/mutations.js","statementMap":{"0":{"start":{"line":4,"column":46},"end":{"line":36,"column":1}},"1":{"start":{"line":37,"column":46},"end":{"line":69,"column":1}},"2":{"start":{"line":70,"column":46},"end":{"line":102,"column":1}},"3":{"start":{"line":103,"column":40},"end":{"line":134,"column":1}},"4":{"start":{"line":135,"column":40},"end":{"line":166,"column":1}},"5":{"start":{"line":167,"column":40},"end":{"line":198,"column":1}}},"fnMap":{},"branchMap":{},"s":{"0":0,"1":0,"2":0,"3":0,"4":0,"5":0},"f":{},"b":{},"hash":"12edc0529fb837bfdbe0200003cf10d2d40dfe70"}
,"/Users/dev/Source/clothing-ecommerce/src/graphql/queries.js": {"path":"/Users/dev/Source/clothing-ecommerce/src/graphql/queries.js","statementMap":{"0":{"start":{"line":4,"column":41},"end":{"line":33,"column":1}},"1":{"start":{"line":34,"column":43},"end":{"line":63,"column":1}},"2":{"start":{"line":64,"column":45},"end":{"line":91,"column":1}},"3":{"start":{"line":92,"column":37},"end":{"line":120,"column":1}},"4":{"start":{"line":121,"column":39},"end":{"line":148,"column":1}}},"fnMap":{},"branchMap":{},"s":{"0":0,"1":0,"2":0,"3":0,"4":0},"f":{},"b":{},"hash":"85728e9ead104a997e516f0d516145bddda639e3"}
,"/Users/dev/Source/clothing-ecommerce/src/graphql/subscriptions.js": {"path":"/Users/dev/Source/clothing-ecommerce/src/graphql/subscriptions.js","statementMap":{"0":{"start":{"line":4,"column":48},"end":{"line":33,"column":1}},"1":{"start":{"line":34,"column":48},"end":{"line":63,"column":1}},"2":{"start":{"line":64,"column":48},"end":{"line":93,"column":1}},"3":{"start":{"line":94,"column":42},"end":{"line":122,"column":1}},"4":{"start":{"line":123,"column":42},"end":{"line":151,"column":1}},"5":{"start":{"line":152,"column":42},"end":{"line":180,"column":1}}},"fnMap":{},"branchMap":{},"s":{"0":0,"1":0,"2":0,"3":0,"4":0,"5":0},"f":{},"b":{},"hash":"bbb2897468af0d3ac131321f425e48b9590e658f"}
,"/Users/dev/Source/clothing-ecommerce/src/pages/checkout/checkout.component.jsx": {"path":"/Users/dev/Source/clothing-ecommerce/src/pages/checkout/checkout.component.jsx","statementMap":{"0":{"start":{"line":11,"column":21},"end":{"line":42,"column":1}},"1":{"start":{"line":12,"column":2},"end":{"line":12,"column":20}},"2":{"start":{"line":14,"column":2},"end":{"line":39,"column":10}},"3":{"start":{"line":22,"column":6},"end":{"line":22,"column":60}},"4":{"start":{"line":44,"column":26},"end":{"line":47,"column":4}}},"fnMap":{"0":{"name":"(anonymous_0)","decl":{"start":{"line":11,"column":21},"end":{"line":11,"column":22}},"loc":{"start":{"line":11,"column":55},"end":{"line":42,"column":1}},"line":11},"1":{"name":"(anonymous_1)","decl":{"start":{"line":21,"column":18},"end":{"line":21,"column":19}},"loc":{"start":{"line":22,"column":6},"end":{"line":22,"column":60}},"line":22}},"branchMap":{"0":{"loc":{"start":{"line":19,"column":6},"end":{"line":24,"column":66}},"type":"cond-expr","locations":[{"start":{"line":21,"column":4},"end":{"line":23,"column":6}},{"start":{"line":24,"column":6},"end":{"line":24,"column":66}}],"line":19}},"s":{"0":0,"1":0,"2":0,"3":0,"4":0},"f":{"0":0,"1":0},"b":{"0":[0,0]},"hash":"bcc834d5bf643b6a29043b493703d0a63a572228"}
,"/Users/dev/Source/clothing-ecommerce/src/pages/collection/collection.component.jsx": {"path":"/Users/dev/Source/clothing-ecommerce/src/pages/collection/collection.component.jsx","statementMap":{"0":{"start":{"line":8,"column":23},"end":{"line":21,"column":1}},"1":{"start":{"line":9,"column":27},"end":{"line":9,"column":37}},"2":{"start":{"line":11,"column":2},"end":{"line":20,"column":4}},"3":{"start":{"line":16,"column":29},"end":{"line":16,"column":73}},"4":{"start":{"line":24,"column":24},"end":{"line":26,"column":2}},"5":{"start":{"line":24,"column":46},"end":{"line":26,"column":1}}},"fnMap":{"0":{"name":"(anonymous_0)","decl":{"start":{"line":8,"column":23},"end":{"line":8,"column":24}},"loc":{"start":{"line":8,"column":51},"end":{"line":21,"column":1}},"line":8},"1":{"name":"(anonymous_1)","decl":{"start":{"line":16,"column":20},"end":{"line":16,"column":21}},"loc":{"start":{"line":16,"column":29},"end":{"line":16,"column":73}},"line":16},"2":{"name":"(anonymous_2)","decl":{"start":{"line":24,"column":24},"end":{"line":24,"column":25}},"loc":{"start":{"line":24,"column":46},"end":{"line":26,"column":1}},"line":24}},"branchMap":{},"s":{"0":0,"1":0,"2":0,"3":0,"4":0,"5":0},"f":{"0":0,"1":0,"2":0},"b":{},"hash":"2ff87bac7b06ee316a5a02840c38c20251c81a38"}
,"/Users/dev/Source/clothing-ecommerce/src/pages/homepage/homepage.component.jsx": {"path":"/Users/dev/Source/clothing-ecommerce/src/pages/homepage/homepage.component.jsx","statementMap":{"0":{"start":{"line":12,"column":17},"end":{"line":52,"column":1}},"1":{"start":{"line":13,"column":25},"end":{"line":13,"column":30}},"2":{"start":{"line":15,"column":24},"end":{"line":20,"column":3}},"3":{"start":{"line":22,"column":2},"end":{"line":22,"column":26}},"4":{"start":{"line":24,"column":2},"end":{"line":51,"column":4}},"5":{"start":{"line":54,"column":24},"end":{"line":56,"column":2}}},"fnMap":{"0":{"name":"(anonymous_0)","decl":{"start":{"line":12,"column":17},"end":{"line":12,"column":18}},"loc":{"start":{"line":12,"column":28},"end":{"line":52,"column":1}},"line":12}},"branchMap":{},"s":{"0":0,"1":0,"2":0,"3":0,"4":0,"5":0},"f":{"0":0},"b":{},"hash":"6eab8cab3e3f5b4605782539d97c8f6d3b809c7a"}
,"/Users/dev/Source/clothing-ecommerce/src/pages/homepage/homepage.styles.jsx": {"path":"/Users/dev/Source/clothing-ecommerce/src/pages/homepage/homepage.styles.jsx","statementMap":{"0":{"start":{"line":3,"column":33},"end":{"line":8,"column":1}}},"fnMap":{},"branchMap":{},"s":{"0":0},"f":{},"b":{},"hash":"7a701c703f7c08f164c5394d802fff70b3a4ef1e"}
,"/Users/dev/Source/clothing-ecommerce/src/pages/product-page/product-page.component.jsx": {"path":"/Users/dev/Source/clothing-ecommerce/src/pages/product-page/product-page.component.jsx","statementMap":{"0":{"start":{"line":19,"column":4},"end":{"line":19,"column":26}},"1":{"start":{"line":23,"column":4},"end":{"line":23,"column":26}},"2":{"start":{"line":27,"column":16},"end":{"line":31,"column":3}},"3":{"start":{"line":28,"column":17},"end":{"line":28,"column":47}},"4":{"start":{"line":29,"column":4},"end":{"line":29,"column":39}},"5":{"start":{"line":30,"column":4},"end":{"line":30,"column":29}},"6":{"start":{"line":33,"column":11},"end":{"line":35,"column":3}},"7":{"start":{"line":34,"column":4},"end":{"line":34,"column":32}},"8":{"start":{"line":37,"column":17},"end":{"line":37,"column":64}},"9":{"start":{"line":37,"column":23},"end":{"line":37,"column":64}},"10":{"start":{"line":40,"column":45},"end":{"line":40,"column":70}},"11":{"start":{"line":41,"column":4},"end":{"line":95,"column":6}},"12":{"start":{"line":99,"column":24},"end":{"line":101,"column":2}},"13":{"start":{"line":103,"column":27},"end":{"line":107,"column":2}},"14":{"start":{"line":103,"column":40},"end":{"line":107,"column":1}},"15":{"start":{"line":104,"column":19},"end":{"line":104,"column":42}},"16":{"start":{"line":105,"column":21},"end":{"line":105,"column":41}}},"fnMap":{"0":{"name":"(anonymous_0)","decl":{"start":{"line":18,"column":2},"end":{"line":18,"column":3}},"loc":{"start":{"line":18,"column":22},"end":{"line":20,"column":3}},"line":18},"1":{"name":"(anonymous_1)","decl":{"start":{"line":22,"column":2},"end":{"line":22,"column":3}},"loc":{"start":{"line":22,"column":22},"end":{"line":24,"column":3}},"line":22},"2":{"name":"(anonymous_2)","decl":{"start":{"line":27,"column":16},"end":{"line":27,"column":17}},"loc":{"start":{"line":27,"column":23},"end":{"line":31,"column":3}},"line":27},"3":{"name":"(anonymous_3)","decl":{"start":{"line":33,"column":11},"end":{"line":33,"column":12}},"loc":{"start":{"line":33,"column":17},"end":{"line":35,"column":3}},"line":33},"4":{"name":"(anonymous_4)","decl":{"start":{"line":37,"column":17},"end":{"line":37,"column":18}},"loc":{"start":{"line":37,"column":23},"end":{"line":37,"column":64}},"line":37},"5":{"name":"(anonymous_5)","decl":{"start":{"line":39,"column":2},"end":{"line":39,"column":3}},"loc":{"start":{"line":39,"column":10},"end":{"line":96,"column":3}},"line":39},"6":{"name":"(anonymous_6)","decl":{"start":{"line":103,"column":27},"end":{"line":103,"column":28}},"loc":{"start":{"line":103,"column":40},"end":{"line":107,"column":1}},"line":103},"7":{"name":"(anonymous_7)","decl":{"start":{"line":104,"column":11},"end":{"line":104,"column":12}},"loc":{"start":{"line":104,"column":19},"end":{"line":104,"column":42}},"line":104},"8":{"name":"(anonymous_8)","decl":{"start":{"line":105,"column":15},"end":{"line":105,"column":16}},"loc":{"start":{"line":105,"column":21},"end":{"line":105,"column":41}},"line":105}},"branchMap":{},"s":{"0":0,"1":0,"2":0,"3":0,"4":0,"5":0,"6":0,"7":0,"8":0,"9":0,"10":0,"11":0,"12":0,"13":0,"14":0,"15":0,"16":0},"f":{"0":0,"1":0,"2":0,"3":0,"4":0,"5":0,"6":0,"7":0,"8":0},"b":{},"hash":"b52bf1fc66320992e0412105265954805de8e6a8"}
,"/Users/dev/Source/clothing-ecommerce/src/pages/product-page/related-products-helper.js": {"path":"/Users/dev/Source/clothing-ecommerce/src/pages/product-page/related-products-helper.js","statementMap":{"0":{"start":{"line":1,"column":34},"end":{"line":14,"column":1}},"1":{"start":{"line":2,"column":22},"end":{"line":4,"column":3}},"2":{"start":{"line":6,"column":2},"end":{"line":12,"column":3}},"3":{"start":{"line":6,"column":15},"end":{"line":6,"column":16}},"4":{"start":{"line":7,"column":30},"end":{"line":7,"column":71}},"5":{"start":{"line":8,"column":24},"end":{"line":8,"column":65}},"6":{"start":{"line":9,"column":20},"end":{"line":9,"column":73}},"7":{"start":{"line":10,"column":14},"end":{"line":10,"column":24}},"8":{"start":{"line":11,"column":4},"end":{"line":11,"column":33}},"9":{"start":{"line":13,"column":2},"end":{"line":13,"column":21}}},"fnMap":{"0":{"name":"(anonymous_0)","decl":{"start":{"line":1,"column":34},"end":{"line":1,"column":35}},"loc":{"start":{"line":1,"column":51},"end":{"line":14,"column":1}},"line":1}},"branchMap":{},"s":{"0":0,"1":0,"2":0,"3":0,"4":0,"5":0,"6":0,"7":0,"8":0,"9":0},"f":{"0":0},"b":{},"hash":"0249829de397cd7000aad757ed7a59c425af9ee1"}
,"/Users/dev/Source/clothing-ecommerce/src/pages/shop-page/shop-page.component.jsx": {"path":"/Users/dev/Source/clothing-ecommerce/src/pages/shop-page/shop-page.component.jsx","statementMap":{"0":{"start":{"line":13,"column":4},"end":{"line":13,"column":26}},"1":{"start":{"line":17,"column":4},"end":{"line":17,"column":26}},"2":{"start":{"line":21,"column":22},"end":{"line":21,"column":32}},"3":{"start":{"line":22,"column":4},"end":{"line":27,"column":6}}},"fnMap":{"0":{"name":"(anonymous_0)","decl":{"start":{"line":12,"column":2},"end":{"line":12,"column":3}},"loc":{"start":{"line":12,"column":22},"end":{"line":14,"column":3}},"line":12},"1":{"name":"(anonymous_1)","decl":{"start":{"line":16,"column":2},"end":{"line":16,"column":3}},"loc":{"start":{"line":16,"column":22},"end":{"line":18,"column":3}},"line":16},"2":{"name":"(anonymous_2)","decl":{"start":{"line":20,"column":2},"end":{"line":20,"column":3}},"loc":{"start":{"line":20,"column":11},"end":{"line":28,"column":3}},"line":20}},"branchMap":{},"s":{"0":0,"1":0,"2":0,"3":0},"f":{"0":0,"1":0,"2":0},"b":{},"hash":"e936fb2b26f21384b31c96012902e4eea83fe278"}
,"/Users/dev/Source/clothing-ecommerce/src/pages/sign-in-sign-up/sign-in-sign-up.component.jsx": {"path":"/Users/dev/Source/clothing-ecommerce/src/pages/sign-in-sign-up/sign-in-sign-up.component.jsx","statementMap":{"0":{"start":{"line":6,"column":24},"end":{"line":11,"column":1}},"1":{"start":{"line":7,"column":2},"end":{"line":10,"column":8}}},"fnMap":{"0":{"name":"(anonymous_0)","decl":{"start":{"line":6,"column":24},"end":{"line":6,"column":25}},"loc":{"start":{"line":7,"column":2},"end":{"line":10,"column":8}},"line":7}},"branchMap":{},"s":{"0":0,"1":0},"f":{"0":0},"b":{},"hash":"180a9dc1336021320c15ef5ae3133636c89463d1"}
,"/Users/dev/Source/clothing-ecommerce/src/redux/root-reducer.js": {"path":"/Users/dev/Source/clothing-ecommerce/src/redux/root-reducer.js","statementMap":{"0":{"start":{"line":11,"column":22},"end":{"line":15,"column":1}},"1":{"start":{"line":17,"column":27},"end":{"line":22,"column":2}}},"fnMap":{},"branchMap":{},"s":{"0":0,"1":0},"f":{},"b":{},"hash":"658cf26ace67b505c030cf389670b20a31b30a4e"}
,"/Users/dev/Source/clothing-ecommerce/src/redux/store.js": {"path":"/Users/dev/Source/clothing-ecommerce/src/redux/store.js","statementMap":{"0":{"start":{"line":7,"column":20},"end":{"line":7,"column":28}},"1":{"start":{"line":9,"column":14},"end":{"line":9,"column":71}},"2":{"start":{"line":11,"column":25},"end":{"line":11,"column":44}}},"fnMap":{},"branchMap":{},"s":{"0":0,"1":0,"2":0},"f":{},"b":{},"hash":"af96f27387a0db70297a56d9066bd51dc388e25e"}
,"/Users/dev/Source/clothing-ecommerce/src/redux/cart/cart.actions.js": {"path":"/Users/dev/Source/clothing-ecommerce/src/redux/cart/cart.actions.js","statementMap":{"0":{"start":{"line":3,"column":32},"end":{"line":5,"column":2}},"1":{"start":{"line":3,"column":39},"end":{"line":5,"column":1}},"2":{"start":{"line":7,"column":24},"end":{"line":9,"column":2}},"3":{"start":{"line":7,"column":31},"end":{"line":9,"column":1}},"4":{"start":{"line":11,"column":23},"end":{"line":14,"column":2}},"5":{"start":{"line":11,"column":32},"end":{"line":14,"column":1}},"6":{"start":{"line":16,"column":25},"end":{"line":19,"column":2}},"7":{"start":{"line":16,"column":34},"end":{"line":19,"column":1}},"8":{"start":{"line":21,"column":26},"end":{"line":24,"column":2}},"9":{"start":{"line":21,"column":35},"end":{"line":24,"column":1}}},"fnMap":{"0":{"name":"(anonymous_0)","decl":{"start":{"line":3,"column":32},"end":{"line":3,"column":33}},"loc":{"start":{"line":3,"column":39},"end":{"line":5,"column":1}},"line":3},"1":{"name":"(anonymous_1)","decl":{"start":{"line":7,"column":24},"end":{"line":7,"column":25}},"loc":{"start":{"line":7,"column":31},"end":{"line":9,"column":1}},"line":7},"2":{"name":"(anonymous_2)","decl":{"start":{"line":11,"column":23},"end":{"line":11,"column":24}},"loc":{"start":{"line":11,"column":32},"end":{"line":14,"column":1}},"line":11},"3":{"name":"(anonymous_3)","decl":{"start":{"line":16,"column":25},"end":{"line":16,"column":26}},"loc":{"start":{"line":16,"column":34},"end":{"line":19,"column":1}},"line":16},"4":{"name":"(anonymous_4)","decl":{"start":{"line":21,"column":26},"end":{"line":21,"column":27}},"loc":{"start":{"line":21,"column":35},"end":{"line":24,"column":1}},"line":21}},"branchMap":{},"s":{"0":1,"1":1,"2":1,"3":1,"4":1,"5":1,"6":1,"7":1,"8":1,"9":1},"f":{"0":1,"1":1,"2":1,"3":1,"4":1},"b":{},"_coverageSchema":"43e27e138ebf9cfc5966b082cf9a028302ed4184","hash":"38af0e0b48401f77f62670db2cc59d8a01fb9b6d"}
,"/Users/dev/Source/clothing-ecommerce/src/redux/cart/cart.reducer.js": {"path":"/Users/dev/Source/clothing-ecommerce/src/redux/cart/cart.reducer.js","statementMap":{"0":{"start":{"line":4,"column":22},"end":{"line":7,"column":1}},"1":{"start":{"line":9,"column":20},"end":{"line":43,"column":1}},"2":{"start":{"line":10,"column":2},"end":{"line":42,"column":3}},"3":{"start":{"line":12,"column":6},"end":{"line":15,"column":8}},"4":{"start":{"line":18,"column":6},"end":{"line":21,"column":8}},"5":{"start":{"line":24,"column":6},"end":{"line":27,"column":8}},"6":{"start":{"line":31,"column":6},"end":{"line":34,"column":8}},"7":{"start":{"line":36,"column":6},"end":{"line":39,"column":8}},"8":{"start":{"line":38,"column":54},"end":{"line":38,"column":87}},"9":{"start":{"line":41,"column":6},"end":{"line":41,"column":19}}},"fnMap":{"0":{"name":"(anonymous_0)","decl":{"start":{"line":9,"column":20},"end":{"line":9,"column":21}},"loc":{"start":{"line":9,"column":55},"end":{"line":43,"column":1}},"line":9},"1":{"name":"(anonymous_1)","decl":{"start":{"line":38,"column":42},"end":{"line":38,"column":43}},"loc":{"start":{"line":38,"column":54},"end":{"line":38,"column":87}},"line":38}},"branchMap":{"0":{"loc":{"start":{"line":9,"column":21},"end":{"line":9,"column":42}},"type":"default-arg","locations":[{"start":{"line":9,"column":29},"end":{"line":9,"column":42}}],"line":9},"1":{"loc":{"start":{"line":10,"column":2},"end":{"line":42,"column":3}},"type":"switch","locations":[{"start":{"line":11,"column":4},"end":{"line":15,"column":8}},{"start":{"line":17,"column":4},"end":{"line":21,"column":8}},{"start":{"line":23,"column":4},"end":{"line":27,"column":8}},{"start":{"line":30,"column":4},"end":{"line":34,"column":8}},{"start":{"line":35,"column":4},"end":{"line":39,"column":8}},{"start":{"line":40,"column":4},"end":{"line":41,"column":19}}],"line":10}},"s":{"0":1,"1":1,"2":6,"3":1,"4":1,"5":1,"6":1,"7":1,"8":1,"9":1},"f":{"0":6,"1":1},"b":{"0":[1],"1":[1,1,1,1,1,1]},"_coverageSchema":"43e27e138ebf9cfc5966b082cf9a028302ed4184","hash":"d37fc192861980b3f368ff6e71b240c0be1dc1b9"}
,"/Users/dev/Source/clothing-ecommerce/src/redux/cart/cart.selectors.js": {"path":"/Users/dev/Source/clothing-ecommerce/src/redux/cart/cart.selectors.js","statementMap":{"0":{"start":{"line":4,"column":19},"end":{"line":4,"column":38}},"1":{"start":{"line":4,"column":28},"end":{"line":4,"column":38}},"2":{"start":{"line":8,"column":31},"end":{"line":11,"column":1}},"3":{"start":{"line":10,"column":10},"end":{"line":10,"column":24}},"4":{"start":{"line":13,"column":36},"end":{"line":21,"column":1}},"5":{"start":{"line":16,"column":4},"end":{"line":20,"column":5}},"6":{"start":{"line":18,"column":8},"end":{"line":18,"column":47}},"7":{"start":{"line":23,"column":32},"end":{"line":23,"column":81}},"8":{"start":{"line":23,"column":69},"end":{"line":23,"column":80}},"9":{"start":{"line":25,"column":31},"end":{"line":32,"column":3}},"10":{"start":{"line":27,"column":4},"end":{"line":31,"column":5}},"11":{"start":{"line":29,"column":8},"end":{"line":29,"column":64}}},"fnMap":{"0":{"name":"(anonymous_0)","decl":{"start":{"line":4,"column":19},"end":{"line":4,"column":20}},"loc":{"start":{"line":4,"column":28},"end":{"line":4,"column":38}},"line":4},"1":{"name":"(anonymous_1)","decl":{"start":{"line":10,"column":2},"end":{"line":10,"column":3}},"loc":{"start":{"line":10,"column":10},"end":{"line":10,"column":24}},"line":10},"2":{"name":"(anonymous_2)","decl":{"start":{"line":15,"column":2},"end":{"line":15,"column":3}},"loc":{"start":{"line":16,"column":4},"end":{"line":20,"column":5}},"line":16},"3":{"name":"(anonymous_3)","decl":{"start":{"line":17,"column":6},"end":{"line":17,"column":7}},"loc":{"start":{"line":18,"column":8},"end":{"line":18,"column":47}},"line":18},"4":{"name":"(anonymous_4)","decl":{"start":{"line":23,"column":61},"end":{"line":23,"column":62}},"loc":{"start":{"line":23,"column":69},"end":{"line":23,"column":80}},"line":23},"5":{"name":"(anonymous_5)","decl":{"start":{"line":26,"column":2},"end":{"line":26,"column":3}},"loc":{"start":{"line":27,"column":4},"end":{"line":31,"column":5}},"line":27},"6":{"name":"(anonymous_6)","decl":{"start":{"line":28,"column":6},"end":{"line":28,"column":7}},"loc":{"start":{"line":29,"column":8},"end":{"line":29,"column":64}},"line":29}},"branchMap":{},"s":{"0":0,"1":0,"2":0,"3":0,"4":0,"5":0,"6":0,"7":0,"8":0,"9":0,"10":0,"11":0},"f":{"0":0,"1":0,"2":0,"3":0,"4":0,"5":0,"6":0},"b":{},"hash":"f03c7bd052235a804e6c2ff4bb8eb13f5c0c646a"}
,"/Users/dev/Source/clothing-ecommerce/src/redux/cart/cart.types.js": {"path":"/Users/dev/Source/clothing-ecommerce/src/redux/cart/cart.types.js","statementMap":{"0":{"start":{"line":1,"column":24},"end":{"line":7,"column":1}}},"fnMap":{},"branchMap":{},"s":{"0":1},"f":{},"b":{},"_coverageSchema":"43e27e138ebf9cfc5966b082cf9a028302ed4184","hash":"af8d7155e5627b7771c7534a8175d3d66f71846a"}
,"/Users/dev/Source/clothing-ecommerce/src/redux/cart/cart.utils.js": {"path":"/Users/dev/Source/clothing-ecommerce/src/redux/cart/cart.utils.js","statementMap":{"0":{"start":{"line":1,"column":29},"end":{"line":15,"column":1}},"1":{"start":{"line":2,"column":27},"end":{"line":4,"column":3}},"2":{"start":{"line":3,"column":16},"end":{"line":3,"column":48}},"3":{"start":{"line":6,"column":2},"end":{"line":12,"column":3}},"4":{"start":{"line":7,"column":4},"end":{"line":11,"column":6}},"5":{"start":{"line":8,"column":6},"end":{"line":10,"column":18}},"6":{"start":{"line":14,"column":2},"end":{"line":14,"column":59}},"7":{"start":{"line":17,"column":34},"end":{"line":31,"column":1}},"8":{"start":{"line":18,"column":27},"end":{"line":20,"column":3}},"9":{"start":{"line":19,"column":16},"end":{"line":19,"column":51}},"10":{"start":{"line":22,"column":2},"end":{"line":24,"column":3}},"11":{"start":{"line":23,"column":4},"end":{"line":23,"column":77}},"12":{"start":{"line":23,"column":40},"end":{"line":23,"column":75}},"13":{"start":{"line":26,"column":2},"end":{"line":30,"column":4}},"14":{"start":{"line":27,"column":4},"end":{"line":29,"column":16}}},"fnMap":{"0":{"name":"(anonymous_0)","decl":{"start":{"line":1,"column":29},"end":{"line":1,"column":30}},"loc":{"start":{"line":1,"column":59},"end":{"line":15,"column":1}},"line":1},"1":{"name":"(anonymous_1)","decl":{"start":{"line":3,"column":4},"end":{"line":3,"column":5}},"loc":{"start":{"line":3,"column":16},"end":{"line":3,"column":48}},"line":3},"2":{"name":"(anonymous_2)","decl":{"start":{"line":7,"column":25},"end":{"line":7,"column":26}},"loc":{"start":{"line":8,"column":6},"end":{"line":10,"column":18}},"line":8},"3":{"name":"(anonymous_3)","decl":{"start":{"line":17,"column":34},"end":{"line":17,"column":35}},"loc":{"start":{"line":17,"column":67},"end":{"line":31,"column":1}},"line":17},"4":{"name":"(anonymous_4)","decl":{"start":{"line":19,"column":4},"end":{"line":19,"column":5}},"loc":{"start":{"line":19,"column":16},"end":{"line":19,"column":51}},"line":19},"5":{"name":"(anonymous_5)","decl":{"start":{"line":23,"column":28},"end":{"line":23,"column":29}},"loc":{"start":{"line":23,"column":40},"end":{"line":23,"column":75}},"line":23},"6":{"name":"(anonymous_6)","decl":{"start":{"line":26,"column":23},"end":{"line":26,"column":24}},"loc":{"start":{"line":27,"column":4},"end":{"line":29,"column":16}},"line":27}},"branchMap":{"0":{"loc":{"start":{"line":6,"column":2},"end":{"line":12,"column":3}},"type":"if","locations":[{"start":{"line":6,"column":2},"end":{"line":12,"column":3}},{"start":{"line":6,"column":2},"end":{"line":12,"column":3}}],"line":6},"1":{"loc":{"start":{"line":8,"column":6},"end":{"line":10,"column":18}},"type":"cond-expr","locations":[{"start":{"line":9,"column":10},"end":{"line":9,"column":58}},{"start":{"line":10,"column":10},"end":{"line":10,"column":18}}],"line":8},"2":{"loc":{"start":{"line":22,"column":2},"end":{"line":24,"column":3}},"type":"if","locations":[{"start":{"line":22,"column":2},"end":{"line":24,"column":3}},{"start":{"line":22,"column":2},"end":{"line":24,"column":3}}],"line":22},"3":{"loc":{"start":{"line":27,"column":4},"end":{"line":29,"column":16}},"type":"cond-expr","locations":[{"start":{"line":28,"column":8},"end":{"line":28,"column":56}},{"start":{"line":29,"column":8},"end":{"line":29,"column":16}}],"line":27}},"s":{"0":2,"1":3,"2":3,"3":3,"4":1,"5":2,"6":2,"7":2,"8":3,"9":4,"10":3,"11":1,"12":2,"13":2,"14":3},"f":{"0":3,"1":3,"2":2,"3":3,"4":4,"5":2,"6":3},"b":{"0":[1,2],"1":[1,1],"2":[1,2],"3":[2,1]},"_coverageSchema":"43e27e138ebf9cfc5966b082cf9a028302ed4184","hash":"deaf77829d70828cc94d520f4be0d594389961bd"}
,"/Users/dev/Source/clothing-ecommerce/src/redux/directory/directory.reducer.js": {"path":"/Users/dev/Source/clothing-ecommerce/src/redux/directory/directory.reducer.js","statementMap":{"0":{"start":{"line":1,"column":29},"end":{"line":36,"column":1}},"1":{"start":{"line":38,"column":25},"end":{"line":43,"column":1}},"2":{"start":{"line":39,"column":2},"end":{"line":42,"column":3}},"3":{"start":{"line":41,"column":4},"end":{"line":41,"column":17}}},"fnMap":{"0":{"name":"(anonymous_0)","decl":{"start":{"line":38,"column":25},"end":{"line":38,"column":26}},"loc":{"start":{"line":38,"column":61},"end":{"line":43,"column":1}},"line":38}},"branchMap":{"0":{"loc":{"start":{"line":38,"column":26},"end":{"line":38,"column":47}},"type":"default-arg","locations":[{"start":{"line":38,"column":34},"end":{"line":38,"column":47}}],"line":38},"1":{"loc":{"start":{"line":39,"column":2},"end":{"line":42,"column":3}},"type":"switch","locations":[{"start":{"line":40,"column":4},"end":{"line":41,"column":17}}],"line":39}},"s":{"0":2,"1":2,"2":1,"3":1},"f":{"0":1},"b":{"0":[1],"1":[1]},"_coverageSchema":"43e27e138ebf9cfc5966b082cf9a028302ed4184","hash":"55522160a49972a06d18ce186e928cfa09439acb"}
,"/Users/dev/Source/clothing-ecommerce/src/redux/directory/directory.selectors.js": {"path":"/Users/dev/Source/clothing-ecommerce/src/redux/directory/directory.selectors.js","statementMap":{"0":{"start":{"line":4,"column":31},"end":{"line":4,"column":86}},"1":{"start":{"line":4,"column":71},"end":{"line":4,"column":86}},"2":{"start":{"line":6,"column":39},"end":{"line":9,"column":1}},"3":{"start":{"line":8,"column":15},"end":{"line":8,"column":33}}},"fnMap":{"0":{"name":"(anonymous_0)","decl":{"start":{"line":4,"column":31},"end":{"line":4,"column":32}},"loc":{"start":{"line":4,"column":71},"end":{"line":4,"column":86}},"line":4},"1":{"name":"(anonymous_1)","decl":{"start":{"line":8,"column":2},"end":{"line":8,"column":3}},"loc":{"start":{"line":8,"column":15},"end":{"line":8,"column":33}},"line":8}},"branchMap":{"0":{"loc":{"start":{"line":4,"column":32},"end":{"line":4,"column":66}},"type":"default-arg","locations":[{"start":{"line":4,"column":40},"end":{"line":4,"column":66}}],"line":4}},"s":{"0":1,"1":1,"2":1,"3":0},"f":{"0":1,"1":0},"b":{"0":[0]},"_coverageSchema":"43e27e138ebf9cfc5966b082cf9a028302ed4184","hash":"d2709db2c9934f8c580aac1422b25b8ca111a996"}
,"/Users/dev/Source/clothing-ecommerce/src/redux/shop/shop.actions.js": {"path":"/Users/dev/Source/clothing-ecommerce/src/redux/shop/shop.actions.js","statementMap":{"0":{"start":{"line":3,"column":33},"end":{"line":6,"column":2}},"1":{"start":{"line":3,"column":54},"end":{"line":6,"column":1}}},"fnMap":{"0":{"name":"(anonymous_0)","decl":{"start":{"line":3,"column":33},"end":{"line":3,"column":34}},"loc":{"start":{"line":3,"column":54},"end":{"line":6,"column":1}},"line":3}},"branchMap":{},"s":{"0":1,"1":1},"f":{"0":1},"b":{},"_coverageSchema":"43e27e138ebf9cfc5966b082cf9a028302ed4184","hash":"2fdcc121a8cd9de42183d021b9973e3f51d3927c"}
,"/Users/dev/Source/clothing-ecommerce/src/redux/shop/shop.data.js": {"path":"/Users/dev/Source/clothing-ecommerce/src/redux/shop/shop.data.js","statementMap":{"0":{"start":{"line":1,"column":18},"end":{"line":265,"column":1}}},"fnMap":{},"branchMap":{},"s":{"0":2},"f":{},"b":{},"_coverageSchema":"43e27e138ebf9cfc5966b082cf9a028302ed4184","hash":"b7f9ea042a8a895602b3b75d97f179c8e344e659"}
,"/Users/dev/Source/clothing-ecommerce/src/redux/shop/shop.reducer.js": {"path":"/Users/dev/Source/clothing-ecommerce/src/redux/shop/shop.reducer.js","statementMap":{"0":{"start":{"line":6,"column":22},"end":{"line":8,"column":1}},"1":{"start":{"line":10,"column":20},"end":{"line":21,"column":1}},"2":{"start":{"line":11,"column":2},"end":{"line":20,"column":3}},"3":{"start":{"line":13,"column":6},"end":{"line":16,"column":8}},"4":{"start":{"line":19,"column":6},"end":{"line":19,"column":19}}},"fnMap":{"0":{"name":"(anonymous_0)","decl":{"start":{"line":10,"column":20},"end":{"line":10,"column":21}},"loc":{"start":{"line":10,"column":55},"end":{"line":21,"column":1}},"line":10}},"branchMap":{"0":{"loc":{"start":{"line":10,"column":21},"end":{"line":10,"column":42}},"type":"default-arg","locations":[{"start":{"line":10,"column":29},"end":{"line":10,"column":42}}],"line":10},"1":{"loc":{"start":{"line":11,"column":2},"end":{"line":20,"column":3}},"type":"switch","locations":[{"start":{"line":12,"column":4},"end":{"line":16,"column":8}},{"start":{"line":18,"column":4},"end":{"line":19,"column":19}}],"line":11}},"s":{"0":1,"1":1,"2":2,"3":1,"4":1},"f":{"0":2},"b":{"0":[2],"1":[1,1]},"_coverageSchema":"43e27e138ebf9cfc5966b082cf9a028302ed4184","hash":"58c50920ec42abea1cf28037c8384d53558f1661"}
,"/Users/dev/Source/clothing-ecommerce/src/redux/shop/shop.selector.js": {"path":"/Users/dev/Source/clothing-ecommerce/src/redux/shop/shop.selector.js","statementMap":{"0":{"start":{"line":4,"column":26},"end":{"line":4,"column":67}},"1":{"start":{"line":4,"column":57},"end":{"line":4,"column":67}},"2":{"start":{"line":6,"column":33},"end":{"line":9,"column":1}},"3":{"start":{"line":8,"column":10},"end":{"line":8,"column":26}},"4":{"start":{"line":12,"column":43},"end":{"line":15,"column":1}},"5":{"start":{"line":14,"column":19},"end":{"line":14,"column":72}},"6":{"start":{"line":14,"column":55},"end":{"line":14,"column":71}},"7":{"start":{"line":17,"column":32},"end":{"line":21,"column":1}},"8":{"start":{"line":18,"column":0},"end":{"line":21,"column":1}},"9":{"start":{"line":20,"column":17},"end":{"line":20,"column":48}}},"fnMap":{"0":{"name":"(anonymous_0)","decl":{"start":{"line":4,"column":26},"end":{"line":4,"column":27}},"loc":{"start":{"line":4,"column":57},"end":{"line":4,"column":67}},"line":4},"1":{"name":"(anonymous_1)","decl":{"start":{"line":8,"column":2},"end":{"line":8,"column":3}},"loc":{"start":{"line":8,"column":10},"end":{"line":8,"column":26}},"line":8},"2":{"name":"(anonymous_2)","decl":{"start":{"line":14,"column":2},"end":{"line":14,"column":3}},"loc":{"start":{"line":14,"column":19},"end":{"line":14,"column":72}},"line":14},"3":{"name":"(anonymous_3)","decl":{"start":{"line":14,"column":48},"end":{"line":14,"column":49}},"loc":{"start":{"line":14,"column":55},"end":{"line":14,"column":71}},"line":14},"4":{"name":"(anonymous_4)","decl":{"start":{"line":17,"column":32},"end":{"line":17,"column":33}},"loc":{"start":{"line":18,"column":0},"end":{"line":21,"column":1}},"line":18},"5":{"name":"(anonymous_5)","decl":{"start":{"line":20,"column":2},"end":{"line":20,"column":3}},"loc":{"start":{"line":20,"column":17},"end":{"line":20,"column":48}},"line":20}},"branchMap":{"0":{"loc":{"start":{"line":4,"column":27},"end":{"line":4,"column":52}},"type":"default-arg","locations":[{"start":{"line":4,"column":35},"end":{"line":4,"column":52}}],"line":4}},"s":{"0":1,"1":1,"2":1,"3":0,"4":1,"5":0,"6":0,"7":1,"8":0,"9":0},"f":{"0":1,"1":0,"2":0,"3":0,"4":0,"5":0},"b":{"0":[1]},"_coverageSchema":"43e27e138ebf9cfc5966b082cf9a028302ed4184","hash":"69a3f326a3011f54ba9f5c6eff985d0da04bf1b5"}
,"/Users/dev/Source/clothing-ecommerce/src/redux/shop/shop.types.js": {"path":"/Users/dev/Source/clothing-ecommerce/src/redux/shop/shop.types.js","statementMap":{"0":{"start":{"line":1,"column":24},"end":{"line":3,"column":1}}},"fnMap":{},"branchMap":{},"s":{"0":1},"f":{},"b":{},"_coverageSchema":"43e27e138ebf9cfc5966b082cf9a028302ed4184","hash":"b52eb0c5508bf722118c616e58887c295e9b4323"}
,"/Users/dev/Source/clothing-ecommerce/src/redux/user/user.actions.js": {"path":"/Users/dev/Source/clothing-ecommerce/src/redux/user/user.actions.js","statementMap":{"0":{"start":{"line":3,"column":30},"end":{"line":6,"column":2}},"1":{"start":{"line":3,"column":41},"end":{"line":6,"column":1}},"2":{"start":{"line":8,"column":34},"end":{"line":10,"column":2}},"3":{"start":{"line":8,"column":41},"end":{"line":10,"column":1}}},"fnMap":{"0":{"name":"(anonymous_0)","decl":{"start":{"line":3,"column":30},"end":{"line":3,"column":31}},"loc":{"start":{"line":3,"column":41},"end":{"line":6,"column":1}},"line":3},"1":{"name":"(anonymous_1)","decl":{"start":{"line":8,"column":34},"end":{"line":8,"column":35}},"loc":{"start":{"line":8,"column":41},"end":{"line":10,"column":1}},"line":8}},"branchMap":{},"s":{"0":1,"1":1,"2":1,"3":1},"f":{"0":1,"1":1},"b":{},"_coverageSchema":"43e27e138ebf9cfc5966b082cf9a028302ed4184","hash":"4d1e80a3772f33e335190ba0b5c3d27dce86b888"}
,"/Users/dev/Source/clothing-ecommerce/src/redux/user/user.reducer.js": {"path":"/Users/dev/Source/clothing-ecommerce/src/redux/user/user.reducer.js","statementMap":{"0":{"start":{"line":3,"column":22},"end":{"line":5,"column":1}},"1":{"start":{"line":7,"column":20},"end":{"line":24,"column":1}},"2":{"start":{"line":8,"column":2},"end":{"line":23,"column":3}},"3":{"start":{"line":10,"column":6},"end":{"line":13,"column":8}},"4":{"start":{"line":16,"column":6},"end":{"line":19,"column":8}},"5":{"start":{"line":22,"column":6},"end":{"line":22,"column":19}}},"fnMap":{"0":{"name":"(anonymous_0)","decl":{"start":{"line":7,"column":20},"end":{"line":7,"column":21}},"loc":{"start":{"line":7,"column":55},"end":{"line":24,"column":1}},"line":7}},"branchMap":{"0":{"loc":{"start":{"line":7,"column":21},"end":{"line":7,"column":42}},"type":"default-arg","locations":[{"start":{"line":7,"column":29},"end":{"line":7,"column":42}}],"line":7},"1":{"loc":{"start":{"line":8,"column":2},"end":{"line":23,"column":3}},"type":"switch","locations":[{"start":{"line":9,"column":4},"end":{"line":13,"column":8}},{"start":{"line":15,"column":4},"end":{"line":19,"column":8}},{"start":{"line":21,"column":4},"end":{"line":22,"column":19}}],"line":8}},"s":{"0":1,"1":1,"2":3,"3":1,"4":1,"5":1},"f":{"0":3},"b":{"0":[3],"1":[1,1,1]},"_coverageSchema":"43e27e138ebf9cfc5966b082cf9a028302ed4184","hash":"5b34b324d395e70a2daf6b1f142a343e254c1cc0"}
,"/Users/dev/Source/clothing-ecommerce/src/redux/user/user.selector.js": {"path":"/Users/dev/Source/clothing-ecommerce/src/redux/user/user.selector.js","statementMap":{"0":{"start":{"line":3,"column":26},"end":{"line":3,"column":69}},"1":{"start":{"line":3,"column":59},"end":{"line":3,"column":69}},"2":{"start":{"line":5,"column":33},"end":{"line":8,"column":1}},"3":{"start":{"line":7,"column":36},"end":{"line":7,"column":52}}},"fnMap":{"0":{"name":"(anonymous_0)","decl":{"start":{"line":3,"column":26},"end":{"line":3,"column":27}},"loc":{"start":{"line":3,"column":59},"end":{"line":3,"column":69}},"line":3},"1":{"name":"(anonymous_1)","decl":{"start":{"line":7,"column":2},"end":{"line":7,"column":3}},"loc":{"start":{"line":7,"column":36},"end":{"line":7,"column":52}},"line":7}},"branchMap":{"0":{"loc":{"start":{"line":3,"column":27},"end":{"line":3,"column":54}},"type":"default-arg","locations":[{"start":{"line":3,"column":35},"end":{"line":3,"column":54}}],"line":3},"1":{"loc":{"start":{"line":7,"column":3},"end":{"line":7,"column":31}},"type":"default-arg","locations":[{"start":{"line":7,"column":10},"end":{"line":7,"column":31}}],"line":7}},"s":{"0":1,"1":2,"2":1,"3":1},"f":{"0":2,"1":1},"b":{"0":[1],"1":[1]},"_coverageSchema":"43e27e138ebf9cfc5966b082cf9a028302ed4184","hash":"71d89b4e8178f5136b8de9efab48bdeb5571a219"}
,"/Users/dev/Source/clothing-ecommerce/src/redux/user/user.types.js": {"path":"/Users/dev/Source/clothing-ecommerce/src/redux/user/user.types.js","statementMap":{"0":{"start":{"line":1,"column":31},"end":{"line":4,"column":1}}},"fnMap":{},"branchMap":{},"s":{"0":1},"f":{},"b":{},"_coverageSchema":"43e27e138ebf9cfc5966b082cf9a028302ed4184","hash":"6de55505d75d713347b774fb71f4575d5764ba01"}
}
